
An error occurred while loading ./spec/models/list_spec.rb.
[31mFailure/Error: [0m__send__(method, file)[0m
[31m[0m
[31mSyntaxError:[0m
[31m  /home/ec2-user/environment/sample_app/spec/models/list_spec.rb:10: syntax error, unexpected end-of-input, expecting end[0m
[36m# /home/ec2-user/.rvm/gems/ruby-2.6.3/gems/rspec-core-3.11.0/lib/rspec/core/configuration.rb:2115:in `load'[0m
[36m# /home/ec2-user/.rvm/gems/ruby-2.6.3/gems/rspec-core-3.11.0/lib/rspec/core/configuration.rb:2115:in `load_file_handling_errors'[0m
[36m# /home/ec2-user/.rvm/gems/ruby-2.6.3/gems/rspec-core-3.11.0/lib/rspec/core/configuration.rb:1615:in `block in load_spec_files'[0m
[36m# /home/ec2-user/.rvm/gems/ruby-2.6.3/gems/rspec-core-3.11.0/lib/rspec/core/configuration.rb:1613:in `each'[0m
[36m# /home/ec2-user/.rvm/gems/ruby-2.6.3/gems/rspec-core-3.11.0/lib/rspec/core/configuration.rb:1613:in `load_spec_files'[0m
[36m# /home/ec2-user/.rvm/gems/ruby-2.6.3/gems/rspec-core-3.11.0/lib/rspec/core/runner.rb:102:in `setup'[0m
[36m# /home/ec2-user/.rvm/gems/ruby-2.6.3/gems/rspec-core-3.11.0/lib/rspec/core/runner.rb:86:in `run'[0m
[36m# /home/ec2-user/.rvm/gems/ruby-2.6.3/gems/rspec-core-3.11.0/lib/rspec/core/runner.rb:71:in `run'[0m
[36m# /home/ec2-user/.rvm/gems/ruby-2.6.3/gems/rspec-core-3.11.0/lib/rspec/core/runner.rb:45:in `invoke'[0m
[36m# /home/ec2-user/.rvm/gems/ruby-2.6.3/gems/rspec-core-3.11.0/exe/rspec:4:in `<top (required)>'[0m
[36m# /home/ec2-user/.rvm/gems/ruby-2.6.3/bin/rspec:23:in `load'[0m
[36m# /home/ec2-user/.rvm/gems/ruby-2.6.3/bin/rspec:23:in `<main>'[0m
[36m# /home/ec2-user/.rvm/gems/ruby-2.6.3/bin/ruby_executable_hooks:24:in `eval'[0m
[36m# /home/ec2-user/.rvm/gems/ruby-2.6.3/bin/ruby_executable_hooks:24:in `<main>'[0m
[36m# [0m
[36m#   Showing full backtrace because every line was filtered out.[0m
[36m#   See docs for RSpec::Configuration#backtrace_exclusion_patterns and[0m
[36m#   RSpec::Configuration#backtrace_inclusion_patterns for more information.[0m

An error occurred while loading ./spec/system/lists_spec.rb.
[31mFailure/Error: [0m__send__(method, file)[0m
[31m[0m
[31mSyntaxError:[0m
[31m  /home/ec2-user/environment/sample_app/spec/system/lists_spec.rb:106: syntax error, unexpected end, expecting end-of-input[0m
[36m# /home/ec2-user/.rvm/gems/ruby-2.6.3/gems/rspec-core-3.11.0/lib/rspec/core/configuration.rb:2115:in `load'[0m
[36m# /home/ec2-user/.rvm/gems/ruby-2.6.3/gems/rspec-core-3.11.0/lib/rspec/core/configuration.rb:2115:in `load_file_handling_errors'[0m
[36m# /home/ec2-user/.rvm/gems/ruby-2.6.3/gems/rspec-core-3.11.0/lib/rspec/core/configuration.rb:1615:in `block in load_spec_files'[0m
[36m# /home/ec2-user/.rvm/gems/ruby-2.6.3/gems/rspec-core-3.11.0/lib/rspec/core/configuration.rb:1613:in `each'[0m
[36m# /home/ec2-user/.rvm/gems/ruby-2.6.3/gems/rspec-core-3.11.0/lib/rspec/core/configuration.rb:1613:in `load_spec_files'[0m
[36m# /home/ec2-user/.rvm/gems/ruby-2.6.3/gems/rspec-core-3.11.0/lib/rspec/core/runner.rb:102:in `setup'[0m
[36m# /home/ec2-user/.rvm/gems/ruby-2.6.3/gems/rspec-core-3.11.0/lib/rspec/core/runner.rb:86:in `run'[0m
[36m# /home/ec2-user/.rvm/gems/ruby-2.6.3/gems/rspec-core-3.11.0/lib/rspec/core/runner.rb:71:in `run'[0m
[36m# /home/ec2-user/.rvm/gems/ruby-2.6.3/gems/rspec-core-3.11.0/lib/rspec/core/runner.rb:45:in `invoke'[0m
[36m# /home/ec2-user/.rvm/gems/ruby-2.6.3/gems/rspec-core-3.11.0/exe/rspec:4:in `<top (required)>'[0m
[36m# /home/ec2-user/.rvm/gems/ruby-2.6.3/bin/rspec:23:in `load'[0m
[36m# /home/ec2-user/.rvm/gems/ruby-2.6.3/bin/rspec:23:in `<main>'[0m
[36m# /home/ec2-user/.rvm/gems/ruby-2.6.3/bin/ruby_executable_hooks:24:in `eval'[0m
[36m# /home/ec2-user/.rvm/gems/ruby-2.6.3/bin/ruby_executable_hooks:24:in `<main>'[0m
[36m# [0m
[36m#   Showing full backtrace because every line was filtered out.[0m
[36m#   See docs for RSpec::Configuration#backtrace_exclusion_patterns and[0m
[36m#   RSpec::Configuration#backtrace_inclusion_patterns for more information.[0m
No examples found.

Finished in 0.00003 seconds (files took 0.30984 seconds to load)
[31m0 examples, 0 failures, 2 errors occurred outside of examples[0m

